# JRE version: Java(TM) SE Runtime Environment (7.0_40-b43) (build 1.7.0_40-b43)
# Java VM: Java HotSpot(TM) 64-Bit Server VM (24.0-b56 mixed mode windows-amd64 compressed oops)
Heap
 PSYoungGen      total 53248K, used 23061K [0x00000000e0400000, 0x00000000e6c00000, 0x0000000100000000)
  eden space 49152K, 38% used [0x00000000e0400000,0x00000000e1689bc0,0x00000000e3400000)
  from space 4096K, 99% used [0x00000000e3400000,0x00000000e37fbc30,0x00000000e3800000)
  to   space 4096K, 0% used [0x00000000e6800000,0x00000000e6800000,0x00000000e6c00000)
 ParOldGen       total 65024K, used 24414K [0x00000000a0c00000, 0x00000000a4b80000, 0x00000000e0400000)
  object space 65024K, 37% used [0x00000000a0c00000,0x00000000a23d7a00,0x00000000a4b80000)
 PSPermGen       total 29184K, used 28856K [0x000000009ba00000, 0x000000009d680000, 0x00000000a0c00000)
  object space 29184K, 98% used [0x000000009ba00000,0x000000009d62e308,0x000000009d680000)
GC Heap History (6 events):
Event: 0.759 GC heap before
{Heap before GC invocations=1 (full 0):
 PSYoungGen      total 28672K, used 24576K [0x00000000e0400000, 0x00000000e2400000, 0x0000000100000000)
  eden space 24576K, 100% used [0x00000000e0400000,0x00000000e1c00000,0x00000000e1c00000)
  from space 4096K, 0% used [0x00000000e2000000,0x00000000e2000000,0x00000000e2400000)
  to   space 4096K, 0% used [0x00000000e1c00000,0x00000000e1c00000,0x00000000e2000000)
 ParOldGen       total 65024K, used 0K [0x00000000a0c00000, 0x00000000a4b80000, 0x00000000e0400000)
  object space 65024K, 0% used [0x00000000a0c00000,0x00000000a0c00000,0x00000000a4b80000)
 PSPermGen       total 21504K, used 16458K [0x000000009ba00000, 0x000000009cf00000, 0x00000000a0c00000)
  object space 21504K, 76% used [0x000000009ba00000,0x000000009ca12bc0,0x000000009cf00000)
Event: 0.768 GC heap after
Heap after GC invocations=1 (full 0):
 PSYoungGen      total 28672K, used 4092K [0x00000000e0400000, 0x00000000e3c00000, 0x0000000100000000)
  eden space 24576K, 0% used [0x00000000e0400000,0x00000000e0400000,0x00000000e1c00000)
  from space 4096K, 99% used [0x00000000e1c00000,0x00000000e1fff2f0,0x00000000e2000000)
  to   space 4096K, 0% used [0x00000000e3800000,0x00000000e3800000,0x00000000e3c00000)
 ParOldGen       total 65024K, used 2535K [0x00000000a0c00000, 0x00000000a4b80000, 0x00000000e0400000)
  object space 65024K, 3% used [0x00000000a0c00000,0x00000000a0e79dc8,0x00000000a4b80000)
 PSPermGen       total 21504K, used 16458K [0x000000009ba00000, 0x000000009cf00000, 0x00000000a0c00000)
  object space 21504K, 76% used [0x000000009ba00000,0x000000009ca12bc0,0x000000009cf00000)
}
Event: 1.225 GC heap before
{Heap before GC invocations=2 (full 0):
 PSYoungGen      total 28672K, used 28668K [0x00000000e0400000, 0x00000000e3c00000, 0x0000000100000000)
  eden space 24576K, 100% used [0x00000000e0400000,0x00000000e1c00000,0x00000000e1c00000)
  from space 4096K, 99% used [0x00000000e1c00000,0x00000000e1fff2f0,0x00000000e2000000)
  to   space 4096K, 0% used [0x00000000e3800000,0x00000000e3800000,0x00000000e3c00000)
 ParOldGen       total 65024K, used 2535K [0x00000000a0c00000, 0x00000000a4b80000, 0x00000000e0400000)
  object space 65024K, 3% used [0x00000000a0c00000,0x00000000a0e79dc8,0x00000000a4b80000)
 PSPermGen       total 21504K, used 19856K [0x000000009ba00000, 0x000000009cf00000, 0x00000000a0c00000)
  object space 21504K, 92% used [0x000000009ba00000,0x000000009cd64100,0x000000009cf00000)
Event: 1.236 GC heap after
Heap after GC invocations=2 (full 0):
 PSYoungGen      total 53248K, used 4069K [0x00000000e0400000, 0x00000000e3c00000, 0x0000000100000000)
  eden space 49152K, 0% used [0x00000000e0400000,0x00000000e0400000,0x00000000e3400000)
  from space 4096K, 99% used [0x00000000e3800000,0x00000000e3bf9758,0x00000000e3c00000)
  to   space 4096K, 0% used [0x00000000e3400000,0x00000000e3400000,0x00000000e3800000)
 ParOldGen       total 65024K, used 6853K [0x00000000a0c00000, 0x00000000a4b80000, 0x00000000e0400000)
  object space 65024K, 10% used [0x00000000a0c00000,0x00000000a12b1610,0x00000000a4b80000)
 PSPermGen       total 21504K, used 19856K [0x000000009ba00000, 0x000000009cf00000, 0x00000000a0c00000)
  object space 21504K, 92% used [0x000000009ba00000,0x000000009cd64100,0x000000009cf00000)
}
Event: 1.684 GC heap before
{Heap before GC invocations=3 (full 0):
 PSYoungGen      total 53248K, used 53221K [0x00000000e0400000, 0x00000000e3c00000, 0x0000000100000000)
  eden space 49152K, 100% used [0x00000000e0400000,0x00000000e3400000,0x00000000e3400000)
  from space 4096K, 99% used [0x00000000e3800000,0x00000000e3bf9758,0x00000000e3c00000)
  to   space 4096K, 0% used [0x00000000e3400000,0x00000000e3400000,0x00000000e3800000)
 ParOldGen       total 65024K, used 6853K [0x00000000a0c00000, 0x00000000a4b80000, 0x00000000e0400000)
  object space 65024K, 10% used [0x00000000a0c00000,0x00000000a12b1610,0x00000000a4b80000)
 PSPermGen       total 21504K, used 21135K [0x000000009ba00000, 0x000000009cf00000, 0x00000000a0c00000)
  object space 21504K, 98% used [0x000000009ba00000,0x000000009cea3ec0,0x000000009cf00000)
Event: 1.702 GC heap after
Heap after GC invocations=3 (full 0):
 PSYoungGen      total 53248K, used 4079K [0x00000000e0400000, 0x00000000e6c00000, 0x0000000100000000)
  eden space 49152K, 0% used [0x00000000e0400000,0x00000000e0400000,0x00000000e3400000)
  from space 4096K, 99% used [0x00000000e3400000,0x00000000e37fbc30,0x00000000e3800000)
  to   space 4096K, 0% used [0x00000000e6800000,0x00000000e6800000,0x00000000e6c00000)
 ParOldGen       total 65024K, used 24414K [0x00000000a0c00000, 0x00000000a4b80000, 0x00000000e0400000)
  object space 65024K, 37% used [0x00000000a0c00000,0x00000000a23d7a00,0x00000000a4b80000)
 PSPermGen       total 21504K, used 21135K [0x000000009ba00000, 0x000000009cf00000, 0x00000000a0c00000)
  object space 21504K, 98% used [0x000000009ba00000,0x000000009cea3ec0,0x000000009cf00000)
}

