# JRE version: Java(TM) SE Runtime Environment (7.0_40-b43) (build 1.7.0_40-b43)
# Java VM: Java HotSpot(TM) 64-Bit Server VM (24.0-b56 mixed mode windows-amd64 compressed oops)
Heap
 PSYoungGen      total 53248K, used 22064K [0x00000000e0400000, 0x00000000e6c00000, 0x0000000100000000)
  eden space 49152K, 36% used [0x00000000e0400000,0x00000000e158c748,0x00000000e3400000)
  from space 4096K, 99% used [0x00000000e3400000,0x00000000e37ffc40,0x00000000e3800000)
  to   space 4096K, 0% used [0x00000000e6800000,0x00000000e6800000,0x00000000e6c00000)
 ParOldGen       total 65024K, used 24396K [0x00000000a0c00000, 0x00000000a4b80000, 0x00000000e0400000)
  object space 65024K, 37% used [0x00000000a0c00000,0x00000000a23d30b0,0x00000000a4b80000)
 PSPermGen       total 29184K, used 28864K [0x000000009ba00000, 0x000000009d680000, 0x00000000a0c00000)
  object space 29184K, 98% used [0x000000009ba00000,0x000000009d6301b0,0x000000009d680000)
GC Heap History (6 events):
Event: 0.752 GC heap before
{Heap before GC invocations=1 (full 0):
 PSYoungGen      total 28672K, used 24576K [0x00000000e0400000, 0x00000000e2400000, 0x0000000100000000)
  eden space 24576K, 100% used [0x00000000e0400000,0x00000000e1c00000,0x00000000e1c00000)
  from space 4096K, 0% used [0x00000000e2000000,0x00000000e2000000,0x00000000e2400000)
  to   space 4096K, 0% used [0x00000000e1c00000,0x00000000e1c00000,0x00000000e2000000)
 ParOldGen       total 65024K, used 0K [0x00000000a0c00000, 0x00000000a4b80000, 0x00000000e0400000)
  object space 65024K, 0% used [0x00000000a0c00000,0x00000000a0c00000,0x00000000a4b80000)
 PSPermGen       total 21504K, used 16468K [0x000000009ba00000, 0x000000009cf00000, 0x00000000a0c00000)
  object space 21504K, 76% used [0x000000009ba00000,0x000000009ca150b0,0x000000009cf00000)
Event: 0.760 GC heap after
Heap after GC invocations=1 (full 0):
 PSYoungGen      total 28672K, used 4072K [0x00000000e0400000, 0x00000000e3c00000, 0x0000000100000000)
  eden space 24576K, 0% used [0x00000000e0400000,0x00000000e0400000,0x00000000e1c00000)
  from space 4096K, 99% used [0x00000000e1c00000,0x00000000e1ffa158,0x00000000e2000000)
  to   space 4096K, 0% used [0x00000000e3800000,0x00000000e3800000,0x00000000e3c00000)
 ParOldGen       total 65024K, used 2525K [0x00000000a0c00000, 0x00000000a4b80000, 0x00000000e0400000)
  object space 65024K, 3% used [0x00000000a0c00000,0x00000000a0e77770,0x00000000a4b80000)
 PSPermGen       total 21504K, used 16468K [0x000000009ba00000, 0x000000009cf00000, 0x00000000a0c00000)
  object space 21504K, 76% used [0x000000009ba00000,0x000000009ca150b0,0x000000009cf00000)
}
Event: 1.233 GC heap before
{Heap before GC invocations=2 (full 0):
 PSYoungGen      total 28672K, used 28648K [0x00000000e0400000, 0x00000000e3c00000, 0x0000000100000000)
  eden space 24576K, 100% used [0x00000000e0400000,0x00000000e1c00000,0x00000000e1c00000)
  from space 4096K, 99% used [0x00000000e1c00000,0x00000000e1ffa158,0x00000000e2000000)
  to   space 4096K, 0% used [0x00000000e3800000,0x00000000e3800000,0x00000000e3c00000)
 ParOldGen       total 65024K, used 2525K [0x00000000a0c00000, 0x00000000a4b80000, 0x00000000e0400000)
  object space 65024K, 3% used [0x00000000a0c00000,0x00000000a0e77770,0x00000000a4b80000)
 PSPermGen       total 21504K, used 19855K [0x000000009ba00000, 0x000000009cf00000, 0x00000000a0c00000)
  object space 21504K, 92% used [0x000000009ba00000,0x000000009cd63d00,0x000000009cf00000)
Event: 1.245 GC heap after
Heap after GC invocations=2 (full 0):
 PSYoungGen      total 53248K, used 4064K [0x00000000e0400000, 0x00000000e3c00000, 0x0000000100000000)
  eden space 49152K, 0% used [0x00000000e0400000,0x00000000e0400000,0x00000000e3400000)
  from space 4096K, 99% used [0x00000000e3800000,0x00000000e3bf8050,0x00000000e3c00000)
  to   space 4096K, 0% used [0x00000000e3400000,0x00000000e3400000,0x00000000e3800000)
 ParOldGen       total 65024K, used 6818K [0x00000000a0c00000, 0x00000000a4b80000, 0x00000000e0400000)
  object space 65024K, 10% used [0x00000000a0c00000,0x00000000a12a8a30,0x00000000a4b80000)
 PSPermGen       total 21504K, used 19855K [0x000000009ba00000, 0x000000009cf00000, 0x00000000a0c00000)
  object space 21504K, 92% used [0x000000009ba00000,0x000000009cd63d00,0x000000009cf00000)
}
Event: 1.715 GC heap before
{Heap before GC invocations=3 (full 0):
 PSYoungGen      total 53248K, used 53216K [0x00000000e0400000, 0x00000000e3c00000, 0x0000000100000000)
  eden space 49152K, 100% used [0x00000000e0400000,0x00000000e3400000,0x00000000e3400000)
  from space 4096K, 99% used [0x00000000e3800000,0x00000000e3bf8050,0x00000000e3c00000)
  to   space 4096K, 0% used [0x00000000e3400000,0x00000000e3400000,0x00000000e3800000)
 ParOldGen       total 65024K, used 6818K [0x00000000a0c00000, 0x00000000a4b80000, 0x00000000e0400000)
  object space 65024K, 10% used [0x00000000a0c00000,0x00000000a12a8a30,0x00000000a4b80000)
 PSPermGen       total 21504K, used 21135K [0x000000009ba00000, 0x000000009cf00000, 0x00000000a0c00000)
  object space 21504K, 98% used [0x000000009ba00000,0x000000009cea3da0,0x000000009cf00000)
Event: 1.734 GC heap after
Heap after GC invocations=3 (full 0):
 PSYoungGen      total 53248K, used 4095K [0x00000000e0400000, 0x00000000e6c00000, 0x0000000100000000)
  eden space 49152K, 0% used [0x00000000e0400000,0x00000000e0400000,0x00000000e3400000)
  from space 4096K, 99% used [0x00000000e3400000,0x00000000e37ffc40,0x00000000e3800000)
  to   space 4096K, 0% used [0x00000000e6800000,0x00000000e6800000,0x00000000e6c00000)
 ParOldGen       total 65024K, used 24396K [0x00000000a0c00000, 0x00000000a4b80000, 0x00000000e0400000)
  object space 65024K, 37% used [0x00000000a0c00000,0x00000000a23d30b0,0x00000000a4b80000)
 PSPermGen       total 21504K, used 21135K [0x000000009ba00000, 0x000000009cf00000, 0x00000000a0c00000)
  object space 21504K, 98% used [0x000000009ba00000,0x000000009cea3da0,0x000000009cf00000)
}

